
PLAY [localhost] *****************************************************************************************************************************************************************************

TASK [Create In-memory Inventory] ************************************************************************************************************************************************************
changed: [localhost]

PLAY [workstation] ***************************************************************************************************************************************************************************

TASK [OpenStack servers] *********************************************************************************************************************************************************************
ok: [workstation]

TASK [Check if all osp instance exist] *******************************************************************************************************************************************************
ok: [workstation] => {
    "msg": "Hello world!"
}

TASK [debug] *********************************************************************************************************************************************************************************
ok: [workstation] => {
    "osp_instance": {
        "changed": false, 
        "failed": false, 
        "msg": "Hello world!"
    }
}

TASK [Access website] ************************************************************************************************************************************************************************
ok: [workstation] => <LOG REMOVED>

TASK [Fail] **********************************************************************************************************************************************************************************
skipping: [workstation]

PLAY [localhost] *****************************************************************************************************************************************************************************

TASK [Access website] ************************************************************************************************************************************************************************
ok: [localhost]

TASK [Fail] **********************************************************************************************************************************************************************************
skipping: [localhost]

TASK [Success] *******************************************************************************************************************************************************************************
ok: [localhost] => {
    "msg": "Congrats Yours HW Assignment is completed"
}

PLAY RECAP ***********************************************************************************************************************************************************************************
localhost                  : ok=3    changed=1    unreachable=0    failed=0    skipped=1    rescued=0    ignored=0   
workstation                : ok=4    changed=0    unreachable=0    failed=0    skipped=1    rescued=0    ignored=0   

